02:42:36 **** Incremental Build of configuration Debug for project ETR ****
make -j20 all 
arm-none-eabi-gcc "../Core/Src/main.c" -mcpu=cortex-m4 -std=gnu11 -g3 -DDEBUG -DUSE_HAL_DRIVER -DSTM32G474xx -c -I../Core/Inc -I../Drivers/STM32G4xx_HAL_Driver/Inc -I../Drivers/STM32G4xx_HAL_Driver/Inc/Legacy -I../Drivers/CMSIS/Device/ST/STM32G4xx/Include -I../Drivers/CMSIS/Include -I../USB_Device/App -I../USB_Device/Target -I../Middlewares/ST/STM32_USB_Device_Library/Core/Inc -I../Middlewares/ST/STM32_USB_Device_Library/Class/CDC/Inc -O0 -ffunction-sections -fdata-sections -Wall -fstack-usage -fcyclomatic-complexity -MMD -MP -MF"Core/Src/main.d" -MT"Core/Src/main.o" --specs=nano.specs -mfpu=fpv4-sp-d16 -mfloat-abi=hard -mthumb -o "Core/Src/main.o"
arm-none-eabi-gcc "../Core/Src/ws2812.c" -mcpu=cortex-m4 -std=gnu11 -g3 -DDEBUG -DUSE_HAL_DRIVER -DSTM32G474xx -c -I../Core/Inc -I../Drivers/STM32G4xx_HAL_Driver/Inc -I../Drivers/STM32G4xx_HAL_Driver/Inc/Legacy -I../Drivers/CMSIS/Device/ST/STM32G4xx/Include -I../Drivers/CMSIS/Include -I../USB_Device/App -I../USB_Device/Target -I../Middlewares/ST/STM32_USB_Device_Library/Core/Inc -I../Middlewares/ST/STM32_USB_Device_Library/Class/CDC/Inc -O0 -ffunction-sections -fdata-sections -Wall -fstack-usage -fcyclomatic-complexity -MMD -MP -MF"Core/Src/ws2812.d" -MT"Core/Src/ws2812.o" --specs=nano.specs -mfpu=fpv4-sp-d16 -mfloat-abi=hard -mthumb -o "Core/Src/ws2812.o"
../Core/Src/ws2812.c: In function 'ws2812_update':
../Core/Src/ws2812.c:27:17: warning: implicit declaration of function 'color_to_rgb' [-Wimplicit-function-declaration]
   27 |                 color_to_rgb(_ws2812_color_current[led_id], &r, &g, &b);
      |                 ^~~~~~~~~~~~
../Core/Src/ws2812.c: At top level:
../Core/Src/ws2812.c:142:6: warning: conflicting types for 'color_to_rgb'; have 'void(uint32_t,  uint8_t *, uint8_t *, uint8_t *)' {aka 'void(long unsigned int,  unsigned char *, unsigned char *, unsigned char *)'}
  142 | void color_to_rgb(uint32_t color, uint8_t *r, uint8_t *g, uint8_t *b)
      |      ^~~~~~~~~~~~
../Core/Src/ws2812.c:27:17: note: previous implicit declaration of 'color_to_rgb' with type 'void(uint32_t,  uint8_t *, uint8_t *, uint8_t *)' {aka 'void(long unsigned int,  unsigned char *, unsigned char *, unsigned char *)'}
   27 |                 color_to_rgb(_ws2812_color_current[led_id], &r, &g, &b);
      |                 ^~~~~~~~~~~~
../Core/Src/ws2812.c: In function 'rainbow_color':
../Core/Src/ws2812.c:181:19: warning: implicit declaration of function 'sinf' [-Wimplicit-function-declaration]
  181 |         float r = sinf(frequency * phase + 0) * width + center;
      |                   ^~~~
../Core/Src/ws2812.c:2:1: note: include '<math.h>' or provide a declaration of 'sinf'
    1 | #include "ws2812.h"
  +++ |+#include <math.h>
    2 | 
../Core/Src/ws2812.c:181:19: warning: incompatible implicit declaration of built-in function 'sinf' [-Wbuiltin-declaration-mismatch]
  181 |         float r = sinf(frequency * phase + 0) * width + center;
      |                   ^~~~
../Core/Src/ws2812.c:181:19: note: include '<math.h>' or provide a declaration of 'sinf'
../Core/Src/main.c: In function 'main':
../Core/Src/main.c:243:33: warning: implicit declaration of function 'rgb_to_color' [-Wimplicit-function-declaration]
  243 |                  ws2812_set_all(rgb_to_color(0x00, 0x00, 0x0f));
      |                                 ^~~~~~~~~~~~
../Core/Src/main.c:244:18: warning: implicit declaration of function 'ws2812_gradient' [-Wimplicit-function-declaration]
  244 |                  ws2812_gradient(100, 10);
      |                  ^~~~~~~~~~~~~~~
../Core/Src/main.c:261:27: warning: pointer targets in passing argument 1 of 'sprintf' differ in signedness [-Wpointer-sign]
  261 |                   sprintf(CDC_BUFFER,"Val:%d,%d,%d,%d,%d,%d,%d\r\n",WHILE_BUFFER[i],i,USER_CounterTicks,uwDutyCycle,uwFrequency,uwIC2Value,BOOT0_BTN_COUNT);
      |                           ^~~~~~~~~~
      |                           |
      |                           uint8_t * {aka unsigned char *}
In file included from ../USB_Device/Target/usbd_conf.h:30,
                 from ../Middlewares/ST/STM32_USB_Device_Library/Core/Inc/usbd_def.h:29,
                 from ../USB_Device/App/usb_device.h:32,
                 from ../Core/Src/main.c:21:
C:\ST\STM32CubeIDE_1.15.1\STM32CubeIDE\plugins\com.st.stm32cube.ide.mcu.externaltools.gnu-tools-for-stm32.12.3.rel1.win32_1.0.100.202403111256\tools\bin/../lib/gcc/arm-none-eabi/12.3.1/../../../../arm-none-eabi/include/stdio.h:250:18: note: expected 'char * restrict' but argument is of type 'uint8_t *' {aka 'unsigned char *'}
  250 | int     sprintf (char *__restrict, const char *__restrict, ...)
      |                  ^
../Core/Src/main.c:261:44: warning: format '%d' expects argument of type 'int', but argument 3 has type 'uint32_t' {aka 'long unsigned int'} [-Wformat=]
  261 |                   sprintf(CDC_BUFFER,"Val:%d,%d,%d,%d,%d,%d,%d\r\n",WHILE_BUFFER[i],i,USER_CounterTicks,uwDutyCycle,uwFrequency,uwIC2Value,BOOT0_BTN_COUNT);
      |                                           ~^                        ~~~~~~~~~~~~~~~
      |                                            |                                    |
      |                                            int                                  uint32_t {aka long unsigned int}
      |                                           %ld
../Core/Src/main.c:261:50: warning: format '%d' expects argument of type 'int', but argument 5 has type 'uint32_t' {aka 'long unsigned int'} [-Wformat=]
  261 |                   sprintf(CDC_BUFFER,"Val:%d,%d,%d,%d,%d,%d,%d\r\n",WHILE_BUFFER[i],i,USER_CounterTicks,uwDutyCycle,uwFrequency,uwIC2Value,BOOT0_BTN_COUNT);
      |                                                 ~^                                    ~~~~~~~~~~~~~~~~~
      |                                                  |                                    |
      |                                                  int                                  uint32_t {aka long unsigned int}
      |                                                 %ld
../Core/Src/main.c:261:53: warning: format '%d' expects argument of type 'int', but argument 6 has type 'uint32_t' {aka 'long unsigned int'} [-Wformat=]
  261 |                   sprintf(CDC_BUFFER,"Val:%d,%d,%d,%d,%d,%d,%d\r\n",WHILE_BUFFER[i],i,USER_CounterTicks,uwDutyCycle,uwFrequency,uwIC2Value,BOOT0_BTN_COUNT);
      |                                                    ~^                                                   ~~~~~~~~~~~
      |                                                     |                                                   |
      |                                                     int                                                 uint32_t {aka long unsigned int}
      |                                                    %ld
../Core/Src/main.c:261:56: warning: format '%d' expects argument of type 'int', but argument 7 has type 'uint32_t' {aka 'long unsigned int'} [-Wformat=]
  261 |                   sprintf(CDC_BUFFER,"Val:%d,%d,%d,%d,%d,%d,%d\r\n",WHILE_BUFFER[i],i,USER_CounterTicks,uwDutyCycle,uwFrequency,uwIC2Value,BOOT0_BTN_COUNT);
      |                                                       ~^                                                            ~~~~~~~~~~~
      |                                                        |                                                            |
      |                                                        int                                                          uint32_t {aka long unsigned int}
      |                                                       %ld
../Core/Src/main.c:261:59: warning: format '%d' expects argument of type 'int', but argument 8 has type 'uint32_t' {aka 'long unsigned int'} [-Wformat=]
  261 |                   sprintf(CDC_BUFFER,"Val:%d,%d,%d,%d,%d,%d,%d\r\n",WHILE_BUFFER[i],i,USER_CounterTicks,uwDutyCycle,uwFrequency,uwIC2Value,BOOT0_BTN_COUNT);
      |                                                          ~^                                                                     ~~~~~~~~~~
      |                                                           |                                                                     |
      |                                                           int                                                                   uint32_t {aka long unsigned int}
      |                                                          %ld
../Core/Src/main.c:261:62: warning: format '%d' expects argument of type 'int', but argument 9 has type 'uint32_t' {aka 'long unsigned int'} [-Wformat=]
  261 |                   sprintf(CDC_BUFFER,"Val:%d,%d,%d,%d,%d,%d,%d\r\n",WHILE_BUFFER[i],i,USER_CounterTicks,uwDutyCycle,uwFrequency,uwIC2Value,BOOT0_BTN_COUNT);
      |                                                             ~^                                                                             ~~~~~~~~~~~~~~~
      |                                                              |                                                                             |
      |                                                              int                                                                           uint32_t {aka long unsigned int}
      |                                                             %ld
arm-none-eabi-gcc -o "ETR.elf" @"objects.list"   -mcpu=cortex-m4 -T"C:\Users\87407\OneDrive\Stm32G431\ETR\STM32G474RETX_FLASH.ld" --specs=nosys.specs -Wl,-Map="ETR.map" -Wl,--gc-sections -static --specs=nano.specs -mfpu=fpv4-sp-d16 -mfloat-abi=hard -mthumb -Wl,--start-group -lc -lm -Wl,--end-group
Finished building target: ETR.elf
 
arm-none-eabi-size  ETR.elf 
arm-none-eabi-objdump -h -S ETR.elf  > "ETR.list"
   text	   data	    bss	    dec	    hex	filename
  66280	    468	  21556	  88304	  158f0	ETR.elf
Finished building: default.size.stdout
 
Finished building: ETR.list
 

02:42:37 Build Finished. 0 errors, 13 warnings. (took 764ms)

